{
  "numTotalTestSuites": 5,
  "numPassedTestSuites": 5,
  "numFailedTestSuites": 0,
  "numPendingTestSuites": 0,
  "numTotalTests": 19,
  "numPassedTests": 19,
  "numFailedTests": 0,
  "numPendingTests": 0,
  "numTodoTests": 0,
  "startTime": 1711275591901,
  "success": true,
  "testResults": [
    {
      "assertionResults": [
        {
          "ancestorTitles": ["", "App"],
          "fullName": " App should render the title",
          "status": "passed",
          "title": "should render the title",
          "duration": 37,
          "failureMessages": []
        }
      ],
      "startTime": 1711275593843,
      "endTime": 1711275593880,
      "status": "passed",
      "message": "",
      "name": "C:/Projects/pnpm/jsui-components/src/App.test.tsx"
    },
    {
      "assertionResults": [
        {
          "ancestorTitles": ["", "Button"],
          "fullName": " Button renders correctly",
          "status": "passed",
          "title": "renders correctly",
          "duration": 27,
          "failureMessages": []
        },
        {
          "ancestorTitles": ["", "Button"],
          "fullName": " Button renders correctly with left icon",
          "status": "passed",
          "title": "renders correctly with left icon",
          "duration": 7,
          "failureMessages": []
        },
        {
          "ancestorTitles": ["", "Button"],
          "fullName": " Button renders correctly with right icon",
          "status": "passed",
          "title": "renders correctly with right icon",
          "duration": 2,
          "failureMessages": []
        },
        {
          "ancestorTitles": ["", "Button"],
          "fullName": " Button renders correctly with both icons",
          "status": "passed",
          "title": "renders correctly with both icons",
          "duration": 2,
          "failureMessages": []
        },
        {
          "ancestorTitles": ["", "Button"],
          "fullName": " Button renders correctly with label",
          "status": "passed",
          "title": "renders correctly with label",
          "duration": 2,
          "failureMessages": []
        },
        {
          "ancestorTitles": ["", "Button"],
          "fullName": " Button renders correctly with label and left icon",
          "status": "passed",
          "title": "renders correctly with label and left icon",
          "duration": 2,
          "failureMessages": []
        },
        {
          "ancestorTitles": ["", "Button"],
          "fullName": " Button render correctly with size prop",
          "status": "passed",
          "title": "render correctly with size prop",
          "duration": 4,
          "failureMessages": []
        },
        {
          "ancestorTitles": ["", "Button"],
          "fullName": " Button render correctly with rounded prop",
          "status": "passed",
          "title": "render correctly with rounded prop",
          "duration": 11,
          "failureMessages": []
        },
        {
          "ancestorTitles": ["", "Button"],
          "fullName": " Button render correctly with buttonType prop",
          "status": "passed",
          "title": "render correctly with buttonType prop",
          "duration": 12,
          "failureMessages": []
        },
        {
          "ancestorTitles": ["", "Button - 1"],
          "fullName": " Button - 1 renders correctly",
          "status": "passed",
          "title": "renders correctly",
          "duration": 1,
          "failureMessages": []
        },
        {
          "ancestorTitles": ["", "Button - 1"],
          "fullName": " Button - 1 renders correctly with left icon",
          "status": "passed",
          "title": "renders correctly with left icon",
          "duration": 2,
          "failureMessages": []
        },
        {
          "ancestorTitles": ["", "Button - 1"],
          "fullName": " Button - 1 renders correctly with right icon",
          "status": "passed",
          "title": "renders correctly with right icon",
          "duration": 2,
          "failureMessages": []
        },
        {
          "ancestorTitles": ["", "Button - 1"],
          "fullName": " Button - 1 renders correctly with both icons",
          "status": "passed",
          "title": "renders correctly with both icons",
          "duration": 1,
          "failureMessages": []
        },
        {
          "ancestorTitles": ["", "Button - 1"],
          "fullName": " Button - 1 renders correctly with label",
          "status": "passed",
          "title": "renders correctly with label",
          "duration": 1,
          "failureMessages": []
        },
        {
          "ancestorTitles": ["", "Button - 1"],
          "fullName": " Button - 1 renders correctly with label and left icon",
          "status": "passed",
          "title": "renders correctly with label and left icon",
          "duration": 2,
          "failureMessages": []
        },
        {
          "ancestorTitles": ["", "Button - 1"],
          "fullName": " Button - 1 render correctly with size prop",
          "status": "passed",
          "title": "render correctly with size prop",
          "duration": 5,
          "failureMessages": []
        },
        {
          "ancestorTitles": ["", "Button - 1"],
          "fullName": " Button - 1 render correctly with rounded prop",
          "status": "passed",
          "title": "render correctly with rounded prop",
          "duration": 10,
          "failureMessages": []
        },
        {
          "ancestorTitles": ["", "Button - 1"],
          "fullName": " Button - 1 render correctly with buttonType prop",
          "status": "passed",
          "title": "render correctly with buttonType prop",
          "duration": 6,
          "failureMessages": []
        }
      ],
      "startTime": 1711275593872,
      "endTime": 1711275593971,
      "status": "passed",
      "message": "",
      "name": "C:/Projects/pnpm/jsui-components/src/components/button/Button.test.tsx"
    }
  ]
}
